0 info it worked if it ends with ok
1 verbose cli [ '/usr/local/bin/node',
1 verbose cli   '/usr/local/bin/npm',
1 verbose cli   'install',
1 verbose cli   'gulp-sourcemaps',
1 verbose cli   '--save' ]
2 info using npm@3.10.10
3 info using node@v6.9.5
4 silly loadCurrentTree Starting
5 silly install loadCurrentTree
6 silly install readLocalPackageData
7 silly fetchPackageMetaData gulp-sourcemaps@^1.6.0
8 silly fetchNamedPackageData gulp-sourcemaps
9 silly mapToRegistry name gulp-sourcemaps
10 silly mapToRegistry using default registry
11 silly mapToRegistry registry https://registry.npmjs.org/
12 silly mapToRegistry data Result {
12 silly mapToRegistry   raw: 'gulp-sourcemaps',
12 silly mapToRegistry   scope: null,
12 silly mapToRegistry   escapedName: 'gulp-sourcemaps',
12 silly mapToRegistry   name: 'gulp-sourcemaps',
12 silly mapToRegistry   rawSpec: '',
12 silly mapToRegistry   spec: 'latest',
12 silly mapToRegistry   type: 'tag' }
13 silly mapToRegistry uri https://registry.npmjs.org/gulp-sourcemaps
14 verbose request uri https://registry.npmjs.org/gulp-sourcemaps
15 verbose request no auth needed
16 info attempt registry request try #1 at 16:59:25
17 verbose request id 898a40d676ae21ef
18 verbose etag W/"59209743-1dee4"
19 verbose lastModified Sat, 20 May 2017 19:21:39 GMT
20 http request GET https://registry.npmjs.org/gulp-sourcemaps
21 http 304 https://registry.npmjs.org/gulp-sourcemaps
22 verbose headers { date: 'Sun, 21 May 2017 07:59:25 GMT',
22 verbose headers   via: '1.1 varnish',
22 verbose headers   'cache-control': 'max-age=300',
22 verbose headers   etag: 'W/"59209743-1dee4"',
22 verbose headers   age: '181',
22 verbose headers   connection: 'keep-alive',
22 verbose headers   'x-served-by': 'cache-nrt6122-NRT',
22 verbose headers   'x-cache': 'HIT',
22 verbose headers   'x-cache-hits': '1',
22 verbose headers   'x-timer': 'S1495353566.966472,VS0,VE0',
22 verbose headers   vary: 'Accept-Encoding' }
23 silly get cb [ 304,
23 silly get   { date: 'Sun, 21 May 2017 07:59:25 GMT',
23 silly get     via: '1.1 varnish',
23 silly get     'cache-control': 'max-age=300',
23 silly get     etag: 'W/"59209743-1dee4"',
23 silly get     age: '181',
23 silly get     connection: 'keep-alive',
23 silly get     'x-served-by': 'cache-nrt6122-NRT',
23 silly get     'x-cache': 'HIT',
23 silly get     'x-cache-hits': '1',
23 silly get     'x-timer': 'S1495353566.966472,VS0,VE0',
23 silly get     vary: 'Accept-Encoding' } ]
24 verbose etag https://registry.npmjs.org/gulp-sourcemaps from cache
25 verbose get saving gulp-sourcemaps to /Users/rainbow/.npm/registry.npmjs.org/gulp-sourcemaps/.cache.json
26 verbose correctMkdir /Users/rainbow/.npm correctMkdir not in flight; initializing
27 silly install normalizeTree
28 silly loadCurrentTree Finishing
29 silly loadIdealTree Starting
30 silly install loadIdealTree
31 silly cloneCurrentTree Starting
32 silly install cloneCurrentTreeToIdealTree
33 silly cloneCurrentTree Finishing
34 silly loadShrinkwrap Starting
35 silly install loadShrinkwrap
36 silly loadShrinkwrap Finishing
37 silly loadAllDepsIntoIdealTree Starting
38 silly install loadAllDepsIntoIdealTree
39 silly resolveWithNewModule gulp-sourcemaps@1.12.0 checking installable status
40 silly cache add args [ 'gulp-sourcemaps@^1.6.0', null ]
41 verbose cache add spec gulp-sourcemaps@^1.6.0
42 silly cache add parsed spec Result {
42 silly cache add   raw: 'gulp-sourcemaps@^1.6.0',
42 silly cache add   scope: null,
42 silly cache add   escapedName: 'gulp-sourcemaps',
42 silly cache add   name: 'gulp-sourcemaps',
42 silly cache add   rawSpec: '^1.6.0',
42 silly cache add   spec: '>=1.6.0 <2.0.0',
42 silly cache add   type: 'range' }
43 silly addNamed gulp-sourcemaps@>=1.6.0 <2.0.0
44 verbose addNamed ">=1.6.0 <2.0.0" is a valid semver range for gulp-sourcemaps
45 silly addNameRange { name: 'gulp-sourcemaps',
45 silly addNameRange   range: '>=1.6.0 <2.0.0',
45 silly addNameRange   hasData: false }
46 silly mapToRegistry name gulp-sourcemaps
47 silly mapToRegistry using default registry
48 silly mapToRegistry registry https://registry.npmjs.org/
49 silly mapToRegistry data Result {
49 silly mapToRegistry   raw: 'gulp-sourcemaps',
49 silly mapToRegistry   scope: null,
49 silly mapToRegistry   escapedName: 'gulp-sourcemaps',
49 silly mapToRegistry   name: 'gulp-sourcemaps',
49 silly mapToRegistry   rawSpec: '',
49 silly mapToRegistry   spec: 'latest',
49 silly mapToRegistry   type: 'tag' }
50 silly mapToRegistry uri https://registry.npmjs.org/gulp-sourcemaps
51 verbose addNameRange registry:https://registry.npmjs.org/gulp-sourcemaps not in flight; fetching
52 verbose get https://registry.npmjs.org/gulp-sourcemaps not expired, no request
53 silly addNameRange number 2 { name: 'gulp-sourcemaps',
53 silly addNameRange   range: '>=1.6.0 <2.0.0',
53 silly addNameRange   hasData: true }
54 silly addNameRange versions [ 'gulp-sourcemaps',
54 silly addNameRange   [ '0.2.0',
54 silly addNameRange     '0.2.1',
54 silly addNameRange     '0.3.0',
54 silly addNameRange     '0.3.1',
54 silly addNameRange     '0.4.0',
54 silly addNameRange     '0.4.1',
54 silly addNameRange     '0.4.2',
54 silly addNameRange     '0.4.3',
54 silly addNameRange     '0.4.4',
54 silly addNameRange     '0.4.5',
54 silly addNameRange     '0.4.6',
54 silly addNameRange     '1.0.0',
54 silly addNameRange     '1.1.0',
54 silly addNameRange     '1.1.1',
54 silly addNameRange     '1.1.2',
54 silly addNameRange     '1.1.3',
54 silly addNameRange     '1.1.4',
54 silly addNameRange     '1.1.5',
54 silly addNameRange     '1.2.0',
54 silly addNameRange     '1.2.1',
54 silly addNameRange     '1.2.2',
54 silly addNameRange     '1.2.3',
54 silly addNameRange     '1.2.4',
54 silly addNameRange     '1.2.5',
54 silly addNameRange     '1.2.6',
54 silly addNameRange     '1.2.7',
54 silly addNameRange     '1.2.8',
54 silly addNameRange     '1.3.0',
54 silly addNameRange     '1.4.0',
54 silly addNameRange     '1.5.0',
54 silly addNameRange     '1.5.1',
54 silly addNameRange     '1.5.2',
54 silly addNameRange     '1.6.0',
54 silly addNameRange     '2.0.0-alpha',
54 silly addNameRange     '1.7.1',
54 silly addNameRange     '2.0.0',
54 silly addNameRange     '2.0.1',
54 silly addNameRange     '1.7.3',
54 silly addNameRange     '1.8.1',
54 silly addNameRange     '2.1.1',
54 silly addNameRange     '1.9.0',
54 silly addNameRange     '2.2.0',
54 silly addNameRange     '1.9.2',
54 silly addNameRange     '2.2.2',
54 silly addNameRange     '1.9.3',
54 silly addNameRange     '2.2.3',
54 silly addNameRange     '1.10.0',
54 silly addNameRange     '2.3.0',
54 silly addNameRange     '1.9.1',
54 silly addNameRange     '2.2.1',
54 silly addNameRange     '1.10.1',
54 silly addNameRange     '2.3.1',
54 silly addNameRange     '1.11.0',
54 silly addNameRange     '2.4.0',
54 silly addNameRange     '1.11.1',
54 silly addNameRange     '2.4.1',
54 silly addNameRange     '1.12.0',
54 silly addNameRange     '2.5.0',
54 silly addNameRange     '2.5.1',
54 silly addNameRange     '2.5.2',
54 silly addNameRange     '2.6.0' ] ]
55 silly addNamed gulp-sourcemaps@1.12.0
56 verbose addNamed "1.12.0" is a plain semver version for gulp-sourcemaps
57 silly cache afterAdd gulp-sourcemaps@1.12.0
58 verbose afterAdd /Users/rainbow/.npm/gulp-sourcemaps/1.12.0/package/package.json not in flight; writing
59 verbose correctMkdir /Users/rainbow/.npm correctMkdir not in flight; initializing
60 verbose afterAdd /Users/rainbow/.npm/gulp-sourcemaps/1.12.0/package/package.json written
61 silly fetchNamedPackageData @gulp-sourcemaps/map-sources
62 silly mapToRegistry name @gulp-sourcemaps/map-sources
63 silly mapToRegistry scope (from package name) @gulp-sourcemaps
64 verbose mapToRegistry no registry URL found in name for scope @gulp-sourcemaps
65 silly mapToRegistry using default registry
66 silly mapToRegistry registry https://registry.npmjs.org/
67 silly mapToRegistry data Result {
67 silly mapToRegistry   raw: '@gulp-sourcemaps/map-sources',
67 silly mapToRegistry   scope: '@gulp-sourcemaps',
67 silly mapToRegistry   escapedName: '@gulp-sourcemaps%2fmap-sources',
67 silly mapToRegistry   name: '@gulp-sourcemaps/map-sources',
67 silly mapToRegistry   rawSpec: '',
67 silly mapToRegistry   spec: 'latest',
67 silly mapToRegistry   type: 'tag' }
68 silly mapToRegistry uri https://registry.npmjs.org/@gulp-sourcemaps%2fmap-sources
69 silly fetchNamedPackageData acorn
70 silly mapToRegistry name acorn
71 silly mapToRegistry using default registry
72 silly mapToRegistry registry https://registry.npmjs.org/
73 silly mapToRegistry data Result {
73 silly mapToRegistry   raw: 'acorn',
73 silly mapToRegistry   scope: null,
73 silly mapToRegistry   escapedName: 'acorn',
73 silly mapToRegistry   name: 'acorn',
73 silly mapToRegistry   rawSpec: '',
73 silly mapToRegistry   spec: 'latest',
73 silly mapToRegistry   type: 'tag' }
74 silly mapToRegistry uri https://registry.npmjs.org/acorn
75 silly fetchNamedPackageData convert-source-map
76 silly mapToRegistry name convert-source-map
77 silly mapToRegistry using default registry
78 silly mapToRegistry registry https://registry.npmjs.org/
79 silly mapToRegistry data Result {
79 silly mapToRegistry   raw: 'convert-source-map',
79 silly mapToRegistry   scope: null,
79 silly mapToRegistry   escapedName: 'convert-source-map',
79 silly mapToRegistry   name: 'convert-source-map',
79 silly mapToRegistry   rawSpec: '',
79 silly mapToRegistry   spec: 'latest',
79 silly mapToRegistry   type: 'tag' }
80 silly mapToRegistry uri https://registry.npmjs.org/convert-source-map
81 silly fetchNamedPackageData css
82 silly mapToRegistry name css
83 silly mapToRegistry using default registry
84 silly mapToRegistry registry https://registry.npmjs.org/
85 silly mapToRegistry data Result {
85 silly mapToRegistry   raw: 'css',
85 silly mapToRegistry   scope: null,
85 silly mapToRegistry   escapedName: 'css',
85 silly mapToRegistry   name: 'css',
85 silly mapToRegistry   rawSpec: '',
85 silly mapToRegistry   spec: 'latest',
85 silly mapToRegistry   type: 'tag' }
86 silly mapToRegistry uri https://registry.npmjs.org/css
87 silly fetchNamedPackageData debug-fabulous
88 silly mapToRegistry name debug-fabulous
89 silly mapToRegistry using default registry
90 silly mapToRegistry registry https://registry.npmjs.org/
91 silly mapToRegistry data Result {
91 silly mapToRegistry   raw: 'debug-fabulous',
91 silly mapToRegistry   scope: null,
91 silly mapToRegistry   escapedName: 'debug-fabulous',
91 silly mapToRegistry   name: 'debug-fabulous',
91 silly mapToRegistry   rawSpec: '',
91 silly mapToRegistry   spec: 'latest',
91 silly mapToRegistry   type: 'tag' }
92 silly mapToRegistry uri https://registry.npmjs.org/debug-fabulous
93 silly fetchNamedPackageData detect-newline
94 silly mapToRegistry name detect-newline
95 silly mapToRegistry using default registry
96 silly mapToRegistry registry https://registry.npmjs.org/
97 silly mapToRegistry data Result {
97 silly mapToRegistry   raw: 'detect-newline',
97 silly mapToRegistry   scope: null,
97 silly mapToRegistry   escapedName: 'detect-newline',
97 silly mapToRegistry   name: 'detect-newline',
97 silly mapToRegistry   rawSpec: '',
97 silly mapToRegistry   spec: 'latest',
97 silly mapToRegistry   type: 'tag' }
98 silly mapToRegistry uri https://registry.npmjs.org/detect-newline
99 silly fetchNamedPackageData graceful-fs
100 silly mapToRegistry name graceful-fs
101 silly mapToRegistry using default registry
102 silly mapToRegistry registry https://registry.npmjs.org/
103 silly mapToRegistry data Result {
103 silly mapToRegistry   raw: 'graceful-fs',
103 silly mapToRegistry   scope: null,
103 silly mapToRegistry   escapedName: 'graceful-fs',
103 silly mapToRegistry   name: 'graceful-fs',
103 silly mapToRegistry   rawSpec: '',
103 silly mapToRegistry   spec: 'latest',
103 silly mapToRegistry   type: 'tag' }
104 silly mapToRegistry uri https://registry.npmjs.org/graceful-fs
105 silly fetchNamedPackageData strip-bom
106 silly mapToRegistry name strip-bom
107 silly mapToRegistry using default registry
108 silly mapToRegistry registry https://registry.npmjs.org/
109 silly mapToRegistry data Result {
109 silly mapToRegistry   raw: 'strip-bom',
109 silly mapToRegistry   scope: null,
109 silly mapToRegistry   escapedName: 'strip-bom',
109 silly mapToRegistry   name: 'strip-bom',
109 silly mapToRegistry   rawSpec: '',
109 silly mapToRegistry   spec: 'latest',
109 silly mapToRegistry   type: 'tag' }
110 silly mapToRegistry uri https://registry.npmjs.org/strip-bom
111 silly fetchNamedPackageData vinyl
112 silly mapToRegistry name vinyl
113 silly mapToRegistry using default registry
114 silly mapToRegistry registry https://registry.npmjs.org/
115 silly mapToRegistry data Result {
115 silly mapToRegistry   raw: 'vinyl',
115 silly mapToRegistry   scope: null,
115 silly mapToRegistry   escapedName: 'vinyl',
115 silly mapToRegistry   name: 'vinyl',
115 silly mapToRegistry   rawSpec: '',
115 silly mapToRegistry   spec: 'latest',
115 silly mapToRegistry   type: 'tag' }
116 silly mapToRegistry uri https://registry.npmjs.org/vinyl
117 verbose request uri https://registry.npmjs.org/@gulp-sourcemaps%2fmap-sources
118 verbose request no auth needed
119 info attempt registry request try #1 at 16:59:27
120 verbose etag W/"58de784e-139e"
121 verbose lastModified Fri, 31 Mar 2017 15:39:58 GMT
122 http request GET https://registry.npmjs.org/@gulp-sourcemaps%2fmap-sources
123 verbose request uri https://registry.npmjs.org/convert-source-map
124 verbose request no auth needed
125 info attempt registry request try #1 at 16:59:27
126 verbose etag W/"58da280a-9ca7"
127 verbose lastModified Tue, 28 Mar 2017 09:08:26 GMT
128 http request GET https://registry.npmjs.org/convert-source-map
129 verbose request uri https://registry.npmjs.org/debug-fabulous
130 verbose request no auth needed
131 info attempt registry request try #1 at 16:59:27
132 verbose etag W/"58de774b-196b"
133 verbose lastModified Fri, 31 Mar 2017 15:35:39 GMT
134 http request GET https://registry.npmjs.org/debug-fabulous
135 verbose request uri https://registry.npmjs.org/css
136 verbose request no auth needed
137 info attempt registry request try #1 at 16:59:27
138 verbose etag W/"590c00ae-7104"
139 verbose lastModified Fri, 05 May 2017 04:33:50 GMT
140 http request GET https://registry.npmjs.org/css
141 verbose request uri https://registry.npmjs.org/acorn
142 verbose request no auth needed
143 info attempt registry request try #1 at 16:59:27
144 verbose etag W/"58f471ff-22ede"
145 verbose lastModified Mon, 17 Apr 2017 07:42:55 GMT
146 http request GET https://registry.npmjs.org/acorn
147 verbose request uri https://registry.npmjs.org/detect-newline
148 verbose request no auth needed
149 info attempt registry request try #1 at 16:59:27
150 verbose etag W/"56c36da7-347b"
151 verbose lastModified Tue, 16 Feb 2016 18:42:47 GMT
152 http request GET https://registry.npmjs.org/detect-newline
153 verbose request uri https://registry.npmjs.org/graceful-fs
154 verbose request no auth needed
155 info attempt registry request try #1 at 16:59:27
156 verbose etag W/"58ee33ac-100d9"
157 verbose lastModified Wed, 12 Apr 2017 14:03:24 GMT
158 http request GET https://registry.npmjs.org/graceful-fs
159 verbose request uri https://registry.npmjs.org/strip-bom
160 verbose request no auth needed
161 info attempt registry request try #1 at 16:59:27
162 verbose etag W/"5724d724-2d4d"
163 verbose lastModified Sat, 30 Apr 2016 16:02:44 GMT
164 http request GET https://registry.npmjs.org/strip-bom
165 verbose request uri https://registry.npmjs.org/vinyl
166 verbose request no auth needed
167 info attempt registry request try #1 at 16:59:27
168 verbose etag W/"591d8ba8-cffc"
169 verbose lastModified Thu, 18 May 2017 11:55:20 GMT
170 http request GET https://registry.npmjs.org/vinyl
171 http 304 https://registry.npmjs.org/css
172 verbose headers { date: 'Sun, 21 May 2017 07:59:27 GMT',
172 verbose headers   via: '1.1 varnish',
172 verbose headers   'cache-control': 'max-age=300',
172 verbose headers   etag: 'W/"590c00ae-7104"',
172 verbose headers   age: '144',
172 verbose headers   connection: 'keep-alive',
172 verbose headers   'x-served-by': 'cache-nrt6124-NRT',
172 verbose headers   'x-cache': 'HIT',
172 verbose headers   'x-cache-hits': '1',
172 verbose headers   'x-timer': 'S1495353567.088983,VS0,VE0',
172 verbose headers   vary: 'Accept-Encoding' }
173 silly get cb [ 304,
173 silly get   { date: 'Sun, 21 May 2017 07:59:27 GMT',
173 silly get     via: '1.1 varnish',
173 silly get     'cache-control': 'max-age=300',
173 silly get     etag: 'W/"590c00ae-7104"',
173 silly get     age: '144',
173 silly get     connection: 'keep-alive',
173 silly get     'x-served-by': 'cache-nrt6124-NRT',
173 silly get     'x-cache': 'HIT',
173 silly get     'x-cache-hits': '1',
173 silly get     'x-timer': 'S1495353567.088983,VS0,VE0',
173 silly get     vary: 'Accept-Encoding' } ]
174 verbose etag https://registry.npmjs.org/css from cache
175 verbose get saving css to /Users/rainbow/.npm/registry.npmjs.org/css/.cache.json
176 verbose correctMkdir /Users/rainbow/.npm correctMkdir not in flight; initializing
177 http 304 https://registry.npmjs.org/convert-source-map
178 verbose headers { date: 'Sun, 21 May 2017 07:59:27 GMT',
178 verbose headers   via: '1.1 varnish',
178 verbose headers   'cache-control': 'max-age=300',
178 verbose headers   etag: 'W/"58da280a-9ca7"',
178 verbose headers   age: '64',
178 verbose headers   connection: 'keep-alive',
178 verbose headers   'x-served-by': 'cache-nrt6133-NRT',
178 verbose headers   'x-cache': 'HIT',
178 verbose headers   'x-cache-hits': '2',
178 verbose headers   'x-timer': 'S1495353567.094873,VS0,VE0',
178 verbose headers   vary: 'Accept-Encoding' }
179 silly get cb [ 304,
179 silly get   { date: 'Sun, 21 May 2017 07:59:27 GMT',
179 silly get     via: '1.1 varnish',
179 silly get     'cache-control': 'max-age=300',
179 silly get     etag: 'W/"58da280a-9ca7"',
179 silly get     age: '64',
179 silly get     connection: 'keep-alive',
179 silly get     'x-served-by': 'cache-nrt6133-NRT',
179 silly get     'x-cache': 'HIT',
179 silly get     'x-cache-hits': '2',
179 silly get     'x-timer': 'S1495353567.094873,VS0,VE0',
179 silly get     vary: 'Accept-Encoding' } ]
180 verbose etag https://registry.npmjs.org/convert-source-map from cache
181 verbose get saving convert-source-map to /Users/rainbow/.npm/registry.npmjs.org/convert-source-map/.cache.json
182 verbose correctMkdir /Users/rainbow/.npm correctMkdir not in flight; initializing
183 http 304 https://registry.npmjs.org/detect-newline
184 verbose headers { date: 'Sun, 21 May 2017 07:59:27 GMT',
184 verbose headers   via: '1.1 varnish',
184 verbose headers   'cache-control': 'max-age=300',
184 verbose headers   etag: 'W/"56c36da7-347b"',
184 verbose headers   age: '83',
184 verbose headers   connection: 'keep-alive',
184 verbose headers   'x-served-by': 'cache-nrt6132-NRT',
184 verbose headers   'x-cache': 'HIT',
184 verbose headers   'x-cache-hits': '1',
184 verbose headers   'x-timer': 'S1495353567.092013,VS0,VE0',
184 verbose headers   vary: 'Accept-Encoding' }
185 silly get cb [ 304,
185 silly get   { date: 'Sun, 21 May 2017 07:59:27 GMT',
185 silly get     via: '1.1 varnish',
185 silly get     'cache-control': 'max-age=300',
185 silly get     etag: 'W/"56c36da7-347b"',
185 silly get     age: '83',
185 silly get     connection: 'keep-alive',
185 silly get     'x-served-by': 'cache-nrt6132-NRT',
185 silly get     'x-cache': 'HIT',
185 silly get     'x-cache-hits': '1',
185 silly get     'x-timer': 'S1495353567.092013,VS0,VE0',
185 silly get     vary: 'Accept-Encoding' } ]
186 verbose etag https://registry.npmjs.org/detect-newline from cache
187 verbose get saving detect-newline to /Users/rainbow/.npm/registry.npmjs.org/detect-newline/.cache.json
188 verbose correctMkdir /Users/rainbow/.npm correctMkdir not in flight; initializing
189 silly resolveWithNewModule css@2.2.1 checking installable status
190 silly cache add args [ 'css@2.X', null ]
191 verbose cache add spec css@2.X
192 silly cache add parsed spec Result {
192 silly cache add   raw: 'css@2.X',
192 silly cache add   scope: null,
192 silly cache add   escapedName: 'css',
192 silly cache add   name: 'css',
192 silly cache add   rawSpec: '2.X',
192 silly cache add   spec: '>=2.0.0 <3.0.0',
192 silly cache add   type: 'range' }
193 silly addNamed css@>=2.0.0 <3.0.0
194 verbose addNamed ">=2.0.0 <3.0.0" is a valid semver range for css
195 silly addNameRange { name: 'css', range: '>=2.0.0 <3.0.0', hasData: false }
196 silly mapToRegistry name css
197 silly mapToRegistry using default registry
198 silly mapToRegistry registry https://registry.npmjs.org/
199 silly mapToRegistry data Result {
199 silly mapToRegistry   raw: 'css',
199 silly mapToRegistry   scope: null,
199 silly mapToRegistry   escapedName: 'css',
199 silly mapToRegistry   name: 'css',
199 silly mapToRegistry   rawSpec: '',
199 silly mapToRegistry   spec: 'latest',
199 silly mapToRegistry   type: 'tag' }
200 silly mapToRegistry uri https://registry.npmjs.org/css
201 verbose addNameRange registry:https://registry.npmjs.org/css not in flight; fetching
202 verbose get https://registry.npmjs.org/css not expired, no request
203 silly addNameRange number 2 { name: 'css', range: '>=2.0.0 <3.0.0', hasData: true }
204 silly addNameRange versions [ 'css',
204 silly addNameRange   [ '1.0.0',
204 silly addNameRange     '1.0.1',
204 silly addNameRange     '1.0.2',
204 silly addNameRange     '1.0.3',
204 silly addNameRange     '1.0.4',
204 silly addNameRange     '1.0.5',
204 silly addNameRange     '1.0.6',
204 silly addNameRange     '1.0.7',
204 silly addNameRange     '1.0.8',
204 silly addNameRange     '1.1.0',
204 silly addNameRange     '1.2.0',
204 silly addNameRange     '1.3.0',
204 silly addNameRange     '1.3.1',
204 silly addNameRange     '1.4.0',
204 silly addNameRange     '1.4.1',
204 silly addNameRange     '1.4.2',
204 silly addNameRange     '1.4.3',
204 silly addNameRange     '1.4.4',
204 silly addNameRange     '1.6.0',
204 silly addNameRange     '2.0.0',
204 silly addNameRange     '2.1.0',
204 silly addNameRange     '2.2.0',
204 silly addNameRange     '2.2.1' ] ]
205 silly addNamed css@2.2.1
206 verbose addNamed "2.2.1" is a plain semver version for css
207 silly resolveWithNewModule detect-newline@2.1.0 checking installable status
208 silly cache add args [ 'detect-newline@2.X', null ]
209 verbose cache add spec detect-newline@2.X
210 silly cache add parsed spec Result {
210 silly cache add   raw: 'detect-newline@2.X',
210 silly cache add   scope: null,
210 silly cache add   escapedName: 'detect-newline',
210 silly cache add   name: 'detect-newline',
210 silly cache add   rawSpec: '2.X',
210 silly cache add   spec: '>=2.0.0 <3.0.0',
210 silly cache add   type: 'range' }
211 silly addNamed detect-newline@>=2.0.0 <3.0.0
212 verbose addNamed ">=2.0.0 <3.0.0" is a valid semver range for detect-newline
213 silly addNameRange { name: 'detect-newline',
213 silly addNameRange   range: '>=2.0.0 <3.0.0',
213 silly addNameRange   hasData: false }
214 silly mapToRegistry name detect-newline
215 silly mapToRegistry using default registry
216 silly mapToRegistry registry https://registry.npmjs.org/
217 silly mapToRegistry data Result {
217 silly mapToRegistry   raw: 'detect-newline',
217 silly mapToRegistry   scope: null,
217 silly mapToRegistry   escapedName: 'detect-newline',
217 silly mapToRegistry   name: 'detect-newline',
217 silly mapToRegistry   rawSpec: '',
217 silly mapToRegistry   spec: 'latest',
217 silly mapToRegistry   type: 'tag' }
218 silly mapToRegistry uri https://registry.npmjs.org/detect-newline
219 verbose addNameRange registry:https://registry.npmjs.org/detect-newline not in flight; fetching
220 http 304 https://registry.npmjs.org/vinyl
221 verbose headers { date: 'Sun, 21 May 2017 07:59:27 GMT',
221 verbose headers   via: '1.1 varnish',
221 verbose headers   'cache-control': 'max-age=300',
221 verbose headers   etag: 'W/"591d8ba8-cffc"',
221 verbose headers   age: '91',
221 verbose headers   connection: 'keep-alive',
221 verbose headers   'x-served-by': 'cache-nrt6135-NRT',
221 verbose headers   'x-cache': 'HIT',
221 verbose headers   'x-cache-hits': '1',
221 verbose headers   'x-timer': 'S1495353567.102018,VS0,VE0',
221 verbose headers   vary: 'Accept-Encoding' }
222 silly get cb [ 304,
222 silly get   { date: 'Sun, 21 May 2017 07:59:27 GMT',
222 silly get     via: '1.1 varnish',
222 silly get     'cache-control': 'max-age=300',
222 silly get     etag: 'W/"591d8ba8-cffc"',
222 silly get     age: '91',
222 silly get     connection: 'keep-alive',
222 silly get     'x-served-by': 'cache-nrt6135-NRT',
222 silly get     'x-cache': 'HIT',
222 silly get     'x-cache-hits': '1',
222 silly get     'x-timer': 'S1495353567.102018,VS0,VE0',
222 silly get     vary: 'Accept-Encoding' } ]
223 verbose etag https://registry.npmjs.org/vinyl from cache
224 verbose get saving vinyl to /Users/rainbow/.npm/registry.npmjs.org/vinyl/.cache.json
225 verbose correctMkdir /Users/rainbow/.npm correctMkdir not in flight; initializing
226 http 304 https://registry.npmjs.org/strip-bom
227 verbose headers { date: 'Sun, 21 May 2017 07:59:27 GMT',
227 verbose headers   via: '1.1 varnish',
227 verbose headers   'cache-control': 'max-age=300',
227 verbose headers   etag: 'W/"5724d724-2d4d"',
227 verbose headers   age: '281',
227 verbose headers   connection: 'keep-alive',
227 verbose headers   'x-served-by': 'cache-nrt6128-NRT',
227 verbose headers   'x-cache': 'HIT',
227 verbose headers   'x-cache-hits': '9',
227 verbose headers   'x-timer': 'S1495353567.104784,VS0,VE0',
227 verbose headers   vary: 'Accept-Encoding' }
228 silly get cb [ 304,
228 silly get   { date: 'Sun, 21 May 2017 07:59:27 GMT',
228 silly get     via: '1.1 varnish',
228 silly get     'cache-control': 'max-age=300',
228 silly get     etag: 'W/"5724d724-2d4d"',
228 silly get     age: '281',
228 silly get     connection: 'keep-alive',
228 silly get     'x-served-by': 'cache-nrt6128-NRT',
228 silly get     'x-cache': 'HIT',
228 silly get     'x-cache-hits': '9',
228 silly get     'x-timer': 'S1495353567.104784,VS0,VE0',
228 silly get     vary: 'Accept-Encoding' } ]
229 verbose etag https://registry.npmjs.org/strip-bom from cache
230 verbose get saving strip-bom to /Users/rainbow/.npm/registry.npmjs.org/strip-bom/.cache.json
231 verbose correctMkdir /Users/rainbow/.npm correctMkdir not in flight; initializing
232 http 304 https://registry.npmjs.org/graceful-fs
233 verbose headers { date: 'Sun, 21 May 2017 07:59:27 GMT',
233 verbose headers   via: '1.1 varnish',
233 verbose headers   'cache-control': 'max-age=300',
233 verbose headers   etag: 'W/"58ee33ac-100d9"',
233 verbose headers   age: '16',
233 verbose headers   connection: 'keep-alive',
233 verbose headers   'x-served-by': 'cache-nrt6127-NRT',
233 verbose headers   'x-cache': 'HIT',
233 verbose headers   'x-cache-hits': '1',
233 verbose headers   'x-timer': 'S1495353567.109253,VS0,VE0',
233 verbose headers   vary: 'Accept-Encoding' }
234 silly get cb [ 304,
234 silly get   { date: 'Sun, 21 May 2017 07:59:27 GMT',
234 silly get     via: '1.1 varnish',
234 silly get     'cache-control': 'max-age=300',
234 silly get     etag: 'W/"58ee33ac-100d9"',
234 silly get     age: '16',
234 silly get     connection: 'keep-alive',
234 silly get     'x-served-by': 'cache-nrt6127-NRT',
234 silly get     'x-cache': 'HIT',
234 silly get     'x-cache-hits': '1',
234 silly get     'x-timer': 'S1495353567.109253,VS0,VE0',
234 silly get     vary: 'Accept-Encoding' } ]
235 verbose etag https://registry.npmjs.org/graceful-fs from cache
236 verbose get saving graceful-fs to /Users/rainbow/.npm/registry.npmjs.org/graceful-fs/.cache.json
237 verbose correctMkdir /Users/rainbow/.npm correctMkdir not in flight; initializing
238 silly resolveWithNewModule convert-source-map@1.5.0 checking installable status
239 silly cache add args [ 'convert-source-map@1.X', null ]
240 verbose cache add spec convert-source-map@1.X
241 silly cache add parsed spec Result {
241 silly cache add   raw: 'convert-source-map@1.X',
241 silly cache add   scope: null,
241 silly cache add   escapedName: 'convert-source-map',
241 silly cache add   name: 'convert-source-map',
241 silly cache add   rawSpec: '1.X',
241 silly cache add   spec: '>=1.0.0 <2.0.0',
241 silly cache add   type: 'range' }
242 silly addNamed convert-source-map@>=1.0.0 <2.0.0
243 verbose addNamed ">=1.0.0 <2.0.0" is a valid semver range for convert-source-map
244 silly addNameRange { name: 'convert-source-map',
244 silly addNameRange   range: '>=1.0.0 <2.0.0',
244 silly addNameRange   hasData: false }
245 silly mapToRegistry name convert-source-map
246 silly mapToRegistry using default registry
247 silly mapToRegistry registry https://registry.npmjs.org/
248 silly mapToRegistry data Result {
248 silly mapToRegistry   raw: 'convert-source-map',
248 silly mapToRegistry   scope: null,
248 silly mapToRegistry   escapedName: 'convert-source-map',
248 silly mapToRegistry   name: 'convert-source-map',
248 silly mapToRegistry   rawSpec: '',
248 silly mapToRegistry   spec: 'latest',
248 silly mapToRegistry   type: 'tag' }
249 silly mapToRegistry uri https://registry.npmjs.org/convert-source-map
250 verbose addNameRange registry:https://registry.npmjs.org/convert-source-map not in flight; fetching
251 silly cache afterAdd css@2.2.1
252 verbose afterAdd /Users/rainbow/.npm/css/2.2.1/package/package.json not in flight; writing
253 verbose correctMkdir /Users/rainbow/.npm correctMkdir not in flight; initializing
254 verbose get https://registry.npmjs.org/detect-newline not expired, no request
255 silly addNameRange number 2 { name: 'detect-newline',
255 silly addNameRange   range: '>=2.0.0 <3.0.0',
255 silly addNameRange   hasData: true }
256 silly addNameRange versions [ 'detect-newline',
256 silly addNameRange   [ '0.1.0',
256 silly addNameRange     '0.1.1',
256 silly addNameRange     '1.0.0',
256 silly addNameRange     '1.0.1',
256 silly addNameRange     '1.0.2',
256 silly addNameRange     '1.0.3',
256 silly addNameRange     '2.0.0',
256 silly addNameRange     '2.0.1',
256 silly addNameRange     '2.1.0' ] ]
257 silly addNamed detect-newline@2.1.0
258 verbose addNamed "2.1.0" is a plain semver version for detect-newline
259 verbose get https://registry.npmjs.org/convert-source-map not expired, no request
260 silly addNameRange number 2 { name: 'convert-source-map',
260 silly addNameRange   range: '>=1.0.0 <2.0.0',
260 silly addNameRange   hasData: true }
261 silly addNameRange versions [ 'convert-source-map',
261 silly addNameRange   [ '0.1.0',
261 silly addNameRange     '0.2.0',
261 silly addNameRange     '0.2.1',
261 silly addNameRange     '0.2.2',
261 silly addNameRange     '0.2.3',
261 silly addNameRange     '0.2.4',
261 silly addNameRange     '0.2.5',
261 silly addNameRange     '0.2.6',
261 silly addNameRange     '0.3.0',
261 silly addNameRange     '0.3.1',
261 silly addNameRange     '0.3.2',
261 silly addNameRange     '0.3.3',
261 silly addNameRange     '0.3.4',
261 silly addNameRange     '0.3.5',
261 silly addNameRange     '0.4.0',
261 silly addNameRange     '0.4.1',
261 silly addNameRange     '0.5.0',
261 silly addNameRange     '0.5.1',
261 silly addNameRange     '0.6.0',
261 silly addNameRange     '0.7.0',
261 silly addNameRange     '0.7.1',
261 silly addNameRange     '1.0.0',
261 silly addNameRange     '1.1.0',
261 silly addNameRange     '1.1.1',
261 silly addNameRange     '1.1.2',
261 silly addNameRange     '1.1.3',
261 silly addNameRange     '1.2.0',
261 silly addNameRange     '1.3.0',
261 silly addNameRange     '1.4.0',
261 silly addNameRange     '1.5.0' ] ]
262 silly addNamed convert-source-map@1.5.0
263 verbose addNamed "1.5.0" is a plain semver version for convert-source-map
264 silly cache afterAdd detect-newline@2.1.0
265 verbose afterAdd /Users/rainbow/.npm/detect-newline/2.1.0/package/package.json not in flight; writing
266 verbose correctMkdir /Users/rainbow/.npm correctMkdir not in flight; initializing
267 verbose afterAdd /Users/rainbow/.npm/css/2.2.1/package/package.json written
268 silly resolveWithNewModule vinyl@1.2.0 checking installable status
269 silly cache add args [ 'vinyl@1.X', null ]
270 verbose cache add spec vinyl@1.X
271 silly cache add parsed spec Result {
271 silly cache add   raw: 'vinyl@1.X',
271 silly cache add   scope: null,
271 silly cache add   escapedName: 'vinyl',
271 silly cache add   name: 'vinyl',
271 silly cache add   rawSpec: '1.X',
271 silly cache add   spec: '>=1.0.0 <2.0.0',
271 silly cache add   type: 'range' }
272 silly addNamed vinyl@>=1.0.0 <2.0.0
273 verbose addNamed ">=1.0.0 <2.0.0" is a valid semver range for vinyl
274 silly addNameRange { name: 'vinyl', range: '>=1.0.0 <2.0.0', hasData: false }
275 silly mapToRegistry name vinyl
276 silly mapToRegistry using default registry
277 silly mapToRegistry registry https://registry.npmjs.org/
278 silly mapToRegistry data Result {
278 silly mapToRegistry   raw: 'vinyl',
278 silly mapToRegistry   scope: null,
278 silly mapToRegistry   escapedName: 'vinyl',
278 silly mapToRegistry   name: 'vinyl',
278 silly mapToRegistry   rawSpec: '',
278 silly mapToRegistry   spec: 'latest',
278 silly mapToRegistry   type: 'tag' }
279 silly mapToRegistry uri https://registry.npmjs.org/vinyl
280 verbose addNameRange registry:https://registry.npmjs.org/vinyl not in flight; fetching
281 silly resolveWithNewModule strip-bom@2.0.0 checking installable status
282 silly cache add args [ 'strip-bom@2.X', null ]
283 verbose cache add spec strip-bom@2.X
284 silly cache add parsed spec Result {
284 silly cache add   raw: 'strip-bom@2.X',
284 silly cache add   scope: null,
284 silly cache add   escapedName: 'strip-bom',
284 silly cache add   name: 'strip-bom',
284 silly cache add   rawSpec: '2.X',
284 silly cache add   spec: '>=2.0.0 <3.0.0',
284 silly cache add   type: 'range' }
285 silly addNamed strip-bom@>=2.0.0 <3.0.0
286 verbose addNamed ">=2.0.0 <3.0.0" is a valid semver range for strip-bom
287 silly addNameRange { name: 'strip-bom', range: '>=2.0.0 <3.0.0', hasData: false }
288 silly mapToRegistry name strip-bom
289 silly mapToRegistry using default registry
290 silly mapToRegistry registry https://registry.npmjs.org/
291 silly mapToRegistry data Result {
291 silly mapToRegistry   raw: 'strip-bom',
291 silly mapToRegistry   scope: null,
291 silly mapToRegistry   escapedName: 'strip-bom',
291 silly mapToRegistry   name: 'strip-bom',
291 silly mapToRegistry   rawSpec: '',
291 silly mapToRegistry   spec: 'latest',
291 silly mapToRegistry   type: 'tag' }
292 silly mapToRegistry uri https://registry.npmjs.org/strip-bom
293 verbose addNameRange registry:https://registry.npmjs.org/strip-bom not in flight; fetching
294 silly resolveWithNewModule graceful-fs@4.1.11 checking installable status
295 silly cache add args [ 'graceful-fs@4.X', null ]
296 verbose cache add spec graceful-fs@4.X
297 silly cache add parsed spec Result {
297 silly cache add   raw: 'graceful-fs@4.X',
297 silly cache add   scope: null,
297 silly cache add   escapedName: 'graceful-fs',
297 silly cache add   name: 'graceful-fs',
297 silly cache add   rawSpec: '4.X',
297 silly cache add   spec: '>=4.0.0 <5.0.0',
297 silly cache add   type: 'range' }
298 silly addNamed graceful-fs@>=4.0.0 <5.0.0
299 verbose addNamed ">=4.0.0 <5.0.0" is a valid semver range for graceful-fs
300 silly addNameRange { name: 'graceful-fs', range: '>=4.0.0 <5.0.0', hasData: false }
301 silly mapToRegistry name graceful-fs
302 silly mapToRegistry using default registry
303 silly mapToRegistry registry https://registry.npmjs.org/
304 silly mapToRegistry data Result {
304 silly mapToRegistry   raw: 'graceful-fs',
304 silly mapToRegistry   scope: null,
304 silly mapToRegistry   escapedName: 'graceful-fs',
304 silly mapToRegistry   name: 'graceful-fs',
304 silly mapToRegistry   rawSpec: '',
304 silly mapToRegistry   spec: 'latest',
304 silly mapToRegistry   type: 'tag' }
305 silly mapToRegistry uri https://registry.npmjs.org/graceful-fs
306 verbose addNameRange registry:https://registry.npmjs.org/graceful-fs not in flight; fetching
307 silly cache afterAdd convert-source-map@1.5.0
308 verbose afterAdd /Users/rainbow/.npm/convert-source-map/1.5.0/package/package.json not in flight; writing
309 verbose correctMkdir /Users/rainbow/.npm correctMkdir not in flight; initializing
310 verbose get https://registry.npmjs.org/vinyl not expired, no request
311 silly addNameRange number 2 { name: 'vinyl', range: '>=1.0.0 <2.0.0', hasData: true }
312 silly addNameRange versions [ 'vinyl',
312 silly addNameRange   [ '0.1.0',
312 silly addNameRange     '0.2.0',
312 silly addNameRange     '0.2.1',
312 silly addNameRange     '0.2.2',
312 silly addNameRange     '0.2.3',
312 silly addNameRange     '0.3.0',
312 silly addNameRange     '0.3.1',
312 silly addNameRange     '0.3.2',
312 silly addNameRange     '0.3.3',
312 silly addNameRange     '0.4.0',
312 silly addNameRange     '0.4.1',
312 silly addNameRange     '0.4.2',
312 silly addNameRange     '0.4.3',
312 silly addNameRange     '0.4.4',
312 silly addNameRange     '0.4.5',
312 silly addNameRange     '0.4.6',
312 silly addNameRange     '0.5.0',
312 silly addNameRange     '0.5.1',
312 silly addNameRange     '0.5.3',
312 silly addNameRange     '1.0.0',
312 silly addNameRange     '1.1.0',
312 silly addNameRange     '1.1.1',
312 silly addNameRange     '1.2.0',
312 silly addNameRange     '2.0.0',
312 silly addNameRange     '2.0.1',
312 silly addNameRange     '2.0.2' ] ]
313 silly addNamed vinyl@1.2.0
314 verbose addNamed "1.2.0" is a plain semver version for vinyl
315 verbose afterAdd /Users/rainbow/.npm/detect-newline/2.1.0/package/package.json written
316 verbose get https://registry.npmjs.org/strip-bom not expired, no request
317 silly addNameRange number 2 { name: 'strip-bom', range: '>=2.0.0 <3.0.0', hasData: true }
318 silly addNameRange versions [ 'strip-bom',
318 silly addNameRange   [ '0.1.0',
318 silly addNameRange     '0.2.0',
318 silly addNameRange     '0.2.1',
318 silly addNameRange     '0.3.0',
318 silly addNameRange     '0.3.1',
318 silly addNameRange     '1.0.0',
318 silly addNameRange     '2.0.0',
318 silly addNameRange     '3.0.0' ] ]
319 silly addNamed strip-bom@2.0.0
320 verbose addNamed "2.0.0" is a plain semver version for strip-bom
321 verbose get https://registry.npmjs.org/graceful-fs not expired, no request
322 silly addNameRange number 2 { name: 'graceful-fs', range: '>=4.0.0 <5.0.0', hasData: true }
323 silly addNameRange versions [ 'graceful-fs',
323 silly addNameRange   [ '1.0.0',
323 silly addNameRange     '1.0.1',
323 silly addNameRange     '1.0.2',
323 silly addNameRange     '1.1.0',
323 silly addNameRange     '1.1.1',
323 silly addNameRange     '1.1.2',
323 silly addNameRange     '1.1.3',
323 silly addNameRange     '1.1.4',
323 silly addNameRange     '1.1.5',
323 silly addNameRange     '1.1.6',
323 silly addNameRange     '1.1.7',
323 silly addNameRange     '1.1.8',
323 silly addNameRange     '1.1.9',
323 silly addNameRange     '1.1.10',
323 silly addNameRange     '1.1.11',
323 silly addNameRange     '1.1.12',
323 silly addNameRange     '1.1.13',
323 silly addNameRange     '1.1.14',
323 silly addNameRange     '1.2.0',
323 silly addNameRange     '1.2.1',
323 silly addNameRange     '1.2.2',
323 silly addNameRange     '1.2.3',
323 silly addNameRange     '2.0.0',
323 silly addNameRange     '2.0.1',
323 silly addNameRange     '2.0.2',
323 silly addNameRange     '2.0.3',
323 silly addNameRange     '3.0.0',
323 silly addNameRange     '3.0.1',
323 silly addNameRange     '3.0.2',
323 silly addNameRange     '3.0.3',
323 silly addNameRange     '3.0.4',
323 silly addNameRange     '3.0.5',
323 silly addNameRange     '3.0.6',
323 silly addNameRange     '3.0.7',
323 silly addNameRange     '3.0.8',
323 silly addNameRange     '4.1.0',
323 silly addNameRange     '4.1.1',
323 silly addNameRange     '4.1.2',
323 silly addNameRange     '4.1.3',
323 silly addNameRange     '4.1.4',
323 silly addNameRange     '4.1.5',
323 silly addNameRange     '3.0.9',
323 silly addNameRange     '4.1.6',
323 silly addNameRange     '3.0.10',
323 silly addNameRange     '3.0.11',
323 silly addNameRange     '4.1.7',
323 silly addNameRange     '4.1.8',
323 silly addNameRange     '4.1.9',
323 silly addNameRange     '4.1.10',
323 silly addNameRange     '4.1.11' ] ]
324 silly addNamed graceful-fs@4.1.11
325 verbose addNamed "4.1.11" is a plain semver version for graceful-fs
326 verbose afterAdd /Users/rainbow/.npm/convert-source-map/1.5.0/package/package.json written
327 silly cache afterAdd vinyl@1.2.0
328 verbose afterAdd /Users/rainbow/.npm/vinyl/1.2.0/package/package.json not in flight; writing
329 verbose correctMkdir /Users/rainbow/.npm correctMkdir not in flight; initializing
330 silly cache afterAdd strip-bom@2.0.0
331 verbose afterAdd /Users/rainbow/.npm/strip-bom/2.0.0/package/package.json not in flight; writing
332 verbose correctMkdir /Users/rainbow/.npm correctMkdir not in flight; initializing
333 silly cache afterAdd graceful-fs@4.1.11
334 verbose afterAdd /Users/rainbow/.npm/graceful-fs/4.1.11/package/package.json not in flight; writing
335 verbose correctMkdir /Users/rainbow/.npm correctMkdir not in flight; initializing
336 verbose afterAdd /Users/rainbow/.npm/vinyl/1.2.0/package/package.json written
337 verbose afterAdd /Users/rainbow/.npm/strip-bom/2.0.0/package/package.json written
338 verbose afterAdd /Users/rainbow/.npm/graceful-fs/4.1.11/package/package.json written
339 http 304 https://registry.npmjs.org/acorn
340 verbose headers { date: 'Sun, 21 May 2017 07:59:27 GMT',
340 verbose headers   via: '1.1 varnish',
340 verbose headers   'cache-control': 'max-age=300',
340 verbose headers   etag: 'W/"58f471ff-22ede"',
340 verbose headers   age: '0',
340 verbose headers   connection: 'keep-alive',
340 verbose headers   'x-served-by': 'cache-nrt6123-NRT',
340 verbose headers   'x-cache': 'HIT',
340 verbose headers   'x-cache-hits': '1',
340 verbose headers   'x-timer': 'S1495353567.097103,VS0,VE136',
340 verbose headers   vary: 'Accept-Encoding' }
341 silly get cb [ 304,
341 silly get   { date: 'Sun, 21 May 2017 07:59:27 GMT',
341 silly get     via: '1.1 varnish',
341 silly get     'cache-control': 'max-age=300',
341 silly get     etag: 'W/"58f471ff-22ede"',
341 silly get     age: '0',
341 silly get     connection: 'keep-alive',
341 silly get     'x-served-by': 'cache-nrt6123-NRT',
341 silly get     'x-cache': 'HIT',
341 silly get     'x-cache-hits': '1',
341 silly get     'x-timer': 'S1495353567.097103,VS0,VE136',
341 silly get     vary: 'Accept-Encoding' } ]
342 verbose etag https://registry.npmjs.org/acorn from cache
343 verbose get saving acorn to /Users/rainbow/.npm/registry.npmjs.org/acorn/.cache.json
344 verbose correctMkdir /Users/rainbow/.npm correctMkdir not in flight; initializing
345 silly resolveWithNewModule acorn@4.0.11 checking installable status
346 silly cache add args [ 'acorn@4.X', null ]
347 verbose cache add spec acorn@4.X
348 silly cache add parsed spec Result {
348 silly cache add   raw: 'acorn@4.X',
348 silly cache add   scope: null,
348 silly cache add   escapedName: 'acorn',
348 silly cache add   name: 'acorn',
348 silly cache add   rawSpec: '4.X',
348 silly cache add   spec: '>=4.0.0 <5.0.0',
348 silly cache add   type: 'range' }
349 silly addNamed acorn@>=4.0.0 <5.0.0
350 verbose addNamed ">=4.0.0 <5.0.0" is a valid semver range for acorn
351 silly addNameRange { name: 'acorn', range: '>=4.0.0 <5.0.0', hasData: false }
352 silly mapToRegistry name acorn
353 silly mapToRegistry using default registry
354 silly mapToRegistry registry https://registry.npmjs.org/
355 silly mapToRegistry data Result {
355 silly mapToRegistry   raw: 'acorn',
355 silly mapToRegistry   scope: null,
355 silly mapToRegistry   escapedName: 'acorn',
355 silly mapToRegistry   name: 'acorn',
355 silly mapToRegistry   rawSpec: '',
355 silly mapToRegistry   spec: 'latest',
355 silly mapToRegistry   type: 'tag' }
356 silly mapToRegistry uri https://registry.npmjs.org/acorn
357 verbose addNameRange registry:https://registry.npmjs.org/acorn not in flight; fetching
358 verbose get https://registry.npmjs.org/acorn not expired, no request
359 silly addNameRange number 2 { name: 'acorn', range: '>=4.0.0 <5.0.0', hasData: true }
360 silly addNameRange versions [ 'acorn',
360 silly addNameRange   [ '0.0.1',
360 silly addNameRange     '0.1.0',
360 silly addNameRange     '0.2.0',
360 silly addNameRange     '0.3.0',
360 silly addNameRange     '0.3.1',
360 silly addNameRange     '0.4.0',
360 silly addNameRange     '0.4.2',
360 silly addNameRange     '0.5.0',
360 silly addNameRange     '0.6.0',
360 silly addNameRange     '0.7.0',
360 silly addNameRange     '0.8.0',
360 silly addNameRange     '0.9.0',
360 silly addNameRange     '0.10.0',
360 silly addNameRange     '0.11.0',
360 silly addNameRange     '0.12.0',
360 silly addNameRange     '1.0.0',
360 silly addNameRange     '1.0.1',
360 silly addNameRange     '1.0.3',
360 silly addNameRange     '1.1.0',
360 silly addNameRange     '1.2.0',
360 silly addNameRange     '2.0.0',
360 silly addNameRange     '1.2.1',
360 silly addNameRange     '2.0.1',
360 silly addNameRange     '1.2.2',
360 silly addNameRange     '2.0.4',
360 silly addNameRange     '2.1.0',
360 silly addNameRange     '2.2.0',
360 silly addNameRange     '2.3.0',
360 silly addNameRange     '2.4.0',
360 silly addNameRange     '2.5.0',
360 silly addNameRange     '2.5.2',
360 silly addNameRange     '2.6.0',
360 silly addNameRange     '2.6.2',
360 silly addNameRange     '2.6.4',
360 silly addNameRange     '2.7.0',
360 silly addNameRange     '3.0.0',
360 silly addNameRange     '3.0.2',
360 silly addNameRange     '3.0.4',
360 silly addNameRange     '3.1.0',
360 silly addNameRange     '3.2.0',
360 silly addNameRange     '3.3.0',
360 silly addNameRange     '4.0.0',
360 silly addNameRange     '4.0.1',
360 silly addNameRange     '4.0.2',
360 silly addNameRange     '4.0.3',
360 silly addNameRange     '4.0.4',
360 silly addNameRange     '4.0.5',
360 silly addNameRange     '4.0.6',
360 silly addNameRange     '4.0.7',
360 silly addNameRange     '4.0.8',
360 silly addNameRange     '4.0.9',
360 silly addNameRange     '4.0.10',
360 silly addNameRange     '4.0.11',
360 silly addNameRange     '5.0.0',
360 silly addNameRange     '5.0.1',
360 silly addNameRange     '5.0.2',
360 silly addNameRange     '5.0.3' ] ]
361 silly addNamed acorn@4.0.11
362 verbose addNamed "4.0.11" is a plain semver version for acorn
363 silly cache afterAdd acorn@4.0.11
364 verbose afterAdd /Users/rainbow/.npm/acorn/4.0.11/package/package.json not in flight; writing
365 verbose correctMkdir /Users/rainbow/.npm correctMkdir not in flight; initializing
366 verbose afterAdd /Users/rainbow/.npm/acorn/4.0.11/package/package.json written
367 http 304 https://registry.npmjs.org/@gulp-sourcemaps%2fmap-sources
368 verbose headers { date: 'Sun, 21 May 2017 07:59:27 GMT',
368 verbose headers   via: '1.1 varnish',
368 verbose headers   'cache-control': 'max-age=0',
368 verbose headers   etag: 'W/"58de784e-139e"',
368 verbose headers   age: '0',
368 verbose headers   connection: 'keep-alive',
368 verbose headers   'x-served-by': 'cache-nrt6122-NRT',
368 verbose headers   'x-cache': 'MISS',
368 verbose headers   'x-cache-hits': '0',
368 verbose headers   'x-timer': 'S1495353567.063818,VS0,VE565',
368 verbose headers   vary: 'Accept-Encoding' }
369 silly get cb [ 304,
369 silly get   { date: 'Sun, 21 May 2017 07:59:27 GMT',
369 silly get     via: '1.1 varnish',
369 silly get     'cache-control': 'max-age=0',
369 silly get     etag: 'W/"58de784e-139e"',
369 silly get     age: '0',
369 silly get     connection: 'keep-alive',
369 silly get     'x-served-by': 'cache-nrt6122-NRT',
369 silly get     'x-cache': 'MISS',
369 silly get     'x-cache-hits': '0',
369 silly get     'x-timer': 'S1495353567.063818,VS0,VE565',
369 silly get     vary: 'Accept-Encoding' } ]
370 verbose etag https://registry.npmjs.org/@gulp-sourcemaps%2fmap-sources from cache
371 verbose get saving @gulp-sourcemaps/map-sources to /Users/rainbow/.npm/registry.npmjs.org/_40gulp-sourcemaps_252fmap-sources/.cache.json
372 verbose correctMkdir /Users/rainbow/.npm correctMkdir not in flight; initializing
373 http 304 https://registry.npmjs.org/debug-fabulous
374 verbose headers { date: 'Sun, 21 May 2017 07:59:27 GMT',
374 verbose headers   via: '1.1 varnish',
374 verbose headers   'cache-control': 'max-age=300',
374 verbose headers   etag: 'W/"58de774b-196b"',
374 verbose headers   age: '0',
374 verbose headers   connection: 'keep-alive',
374 verbose headers   'x-served-by': 'cache-nrt6131-NRT',
374 verbose headers   'x-cache': 'HIT',
374 verbose headers   'x-cache-hits': '1',
374 verbose headers   'x-timer': 'S1495353567.089002,VS0,VE552',
374 verbose headers   vary: 'Accept-Encoding' }
375 silly get cb [ 304,
375 silly get   { date: 'Sun, 21 May 2017 07:59:27 GMT',
375 silly get     via: '1.1 varnish',
375 silly get     'cache-control': 'max-age=300',
375 silly get     etag: 'W/"58de774b-196b"',
375 silly get     age: '0',
375 silly get     connection: 'keep-alive',
375 silly get     'x-served-by': 'cache-nrt6131-NRT',
375 silly get     'x-cache': 'HIT',
375 silly get     'x-cache-hits': '1',
375 silly get     'x-timer': 'S1495353567.089002,VS0,VE552',
375 silly get     vary: 'Accept-Encoding' } ]
376 verbose etag https://registry.npmjs.org/debug-fabulous from cache
377 verbose get saving debug-fabulous to /Users/rainbow/.npm/registry.npmjs.org/debug-fabulous/.cache.json
378 verbose correctMkdir /Users/rainbow/.npm correctMkdir not in flight; initializing
379 silly resolveWithNewModule @gulp-sourcemaps/map-sources@1.0.0 checking installable status
380 silly cache add args [ '@gulp-sourcemaps/map-sources@1.X', null ]
381 verbose cache add spec @gulp-sourcemaps/map-sources@1.X
382 silly cache add parsed spec Result {
382 silly cache add   raw: '@gulp-sourcemaps/map-sources@1.X',
382 silly cache add   scope: '@gulp-sourcemaps',
382 silly cache add   escapedName: '@gulp-sourcemaps%2fmap-sources',
382 silly cache add   name: '@gulp-sourcemaps/map-sources',
382 silly cache add   rawSpec: '1.X',
382 silly cache add   spec: '>=1.0.0 <2.0.0',
382 silly cache add   type: 'range' }
383 silly addNamed @gulp-sourcemaps/map-sources@>=1.0.0 <2.0.0
384 verbose addNamed ">=1.0.0 <2.0.0" is a valid semver range for @gulp-sourcemaps/map-sources
385 silly addNameRange { name: '@gulp-sourcemaps/map-sources',
385 silly addNameRange   range: '>=1.0.0 <2.0.0',
385 silly addNameRange   hasData: false }
386 silly mapToRegistry name @gulp-sourcemaps/map-sources
387 silly mapToRegistry scope (from package name) @gulp-sourcemaps
388 verbose mapToRegistry no registry URL found in name for scope @gulp-sourcemaps
389 silly mapToRegistry using default registry
390 silly mapToRegistry registry https://registry.npmjs.org/
391 silly mapToRegistry data Result {
391 silly mapToRegistry   raw: '@gulp-sourcemaps/map-sources',
391 silly mapToRegistry   scope: '@gulp-sourcemaps',
391 silly mapToRegistry   escapedName: '@gulp-sourcemaps%2fmap-sources',
391 silly mapToRegistry   name: '@gulp-sourcemaps/map-sources',
391 silly mapToRegistry   rawSpec: '',
391 silly mapToRegistry   spec: 'latest',
391 silly mapToRegistry   type: 'tag' }
392 silly mapToRegistry uri https://registry.npmjs.org/@gulp-sourcemaps%2fmap-sources
393 verbose addNameRange registry:https://registry.npmjs.org/@gulp-sourcemaps%2fmap-sources not in flight; fetching
394 silly resolveWithNewModule debug-fabulous@0.0.4 checking installable status
395 silly cache add args [ 'debug-fabulous@0.0.X', null ]
396 verbose cache add spec debug-fabulous@0.0.X
397 silly cache add parsed spec Result {
397 silly cache add   raw: 'debug-fabulous@0.0.X',
397 silly cache add   scope: null,
397 silly cache add   escapedName: 'debug-fabulous',
397 silly cache add   name: 'debug-fabulous',
397 silly cache add   rawSpec: '0.0.X',
397 silly cache add   spec: '>=0.0.0 <0.1.0',
397 silly cache add   type: 'range' }
398 silly addNamed debug-fabulous@>=0.0.0 <0.1.0
399 verbose addNamed ">=0.0.0 <0.1.0" is a valid semver range for debug-fabulous
400 silly addNameRange { name: 'debug-fabulous',
400 silly addNameRange   range: '>=0.0.0 <0.1.0',
400 silly addNameRange   hasData: false }
401 silly mapToRegistry name debug-fabulous
402 silly mapToRegistry using default registry
403 silly mapToRegistry registry https://registry.npmjs.org/
404 silly mapToRegistry data Result {
404 silly mapToRegistry   raw: 'debug-fabulous',
404 silly mapToRegistry   scope: null,
404 silly mapToRegistry   escapedName: 'debug-fabulous',
404 silly mapToRegistry   name: 'debug-fabulous',
404 silly mapToRegistry   rawSpec: '',
404 silly mapToRegistry   spec: 'latest',
404 silly mapToRegistry   type: 'tag' }
405 silly mapToRegistry uri https://registry.npmjs.org/debug-fabulous
406 verbose addNameRange registry:https://registry.npmjs.org/debug-fabulous not in flight; fetching
407 verbose get https://registry.npmjs.org/@gulp-sourcemaps%2fmap-sources not expired, no request
408 silly addNameRange number 2 { name: '@gulp-sourcemaps/map-sources',
408 silly addNameRange   range: '>=1.0.0 <2.0.0',
408 silly addNameRange   hasData: true }
409 silly addNameRange versions [ '@gulp-sourcemaps/map-sources', [ '1.0.0' ] ]
410 silly addNamed @gulp-sourcemaps/map-sources@1.0.0
411 verbose addNamed "1.0.0" is a plain semver version for @gulp-sourcemaps/map-sources
412 verbose get https://registry.npmjs.org/debug-fabulous not expired, no request
413 silly addNameRange number 2 { name: 'debug-fabulous',
413 silly addNameRange   range: '>=0.0.0 <0.1.0',
413 silly addNameRange   hasData: true }
414 silly addNameRange versions [ 'debug-fabulous', [ '0.0.2', '0.0.3', '0.0.4', '0.1.0' ] ]
415 silly addNamed debug-fabulous@0.0.4
416 verbose addNamed "0.0.4" is a plain semver version for debug-fabulous
417 silly cache afterAdd debug-fabulous@0.0.4
418 verbose afterAdd /Users/rainbow/.npm/debug-fabulous/0.0.4/package/package.json not in flight; writing
419 verbose correctMkdir /Users/rainbow/.npm correctMkdir not in flight; initializing
420 verbose afterAdd /Users/rainbow/.npm/debug-fabulous/0.0.4/package/package.json written
421 silly rollbackFailedOptional Starting
422 silly rollbackFailedOptional Finishing
423 silly runTopLevelLifecycles Finishing
424 silly install printInstalled
425 verbose stack Error: Invalid name: "@gulp-sourcemaps/map-sources"
425 verbose stack     at ensureValidName (/usr/local/lib/node_modules/npm/node_modules/read-package-json/node_modules/normalize-package-data/lib/fixer.js:297:15)
425 verbose stack     at Object.fixNameField (/usr/local/lib/node_modules/npm/node_modules/read-package-json/node_modules/normalize-package-data/lib/fixer.js:201:5)
425 verbose stack     at /usr/local/lib/node_modules/npm/node_modules/read-package-json/node_modules/normalize-package-data/lib/normalize.js:29:38
425 verbose stack     at Array.forEach (native)
425 verbose stack     at normalize (/usr/local/lib/node_modules/npm/node_modules/read-package-json/node_modules/normalize-package-data/lib/normalize.js:28:15)
425 verbose stack     at final (/usr/local/lib/node_modules/npm/node_modules/read-package-json/read-json.js:349:5)
425 verbose stack     at then (/usr/local/lib/node_modules/npm/node_modules/read-package-json/read-json.js:124:5)
425 verbose stack     at serverjs_ (/usr/local/lib/node_modules/npm/node_modules/read-package-json/read-json.js:177:29)
425 verbose stack     at /usr/local/lib/node_modules/npm/node_modules/read-package-json/read-json.js:172:5
425 verbose stack     at f (/usr/local/lib/node_modules/npm/node_modules/once/once.js:25:25)
426 verbose cwd /Users/rainbow/@716/gulp/2017/banks
427 error Darwin 15.6.0
428 error argv "/usr/local/bin/node" "/usr/local/bin/npm" "install" "gulp-sourcemaps" "--save"
429 error node v6.9.5
430 error npm  v3.10.10
431 error Invalid name: "@gulp-sourcemaps/map-sources"
432 error If you need help, you may report this error at:
432 error     <https://github.com/npm/npm/issues>
433 verbose exit [ 1, true ]
